<?xml version="1.0" encoding="UTF-8"?>
<!-- Generated by org.testng.reporters.JUnitXMLReporter -->
<testsuite hostname="LAPTOP-IFLMPRQ2" ignored="0" name="Test1" tests="12" failures="1" timestamp="2021-11-25T09:34:37 IST" time="832.564" errors="0">
  <testcase name="systemSettingLimitOffersPerLenderOfferLimit1" time="22.449" classname="com.fitsyn.qa.multipletestcases.LenderOfferLimitRailOne"/>
  <testcase name="subaccountSettingRailOne" time="30.021" classname="com.fitsyn.qa.multipletestcases.LenderOfferLimitRailOne"/>
  <testcase name="createApplicationRailOneLimitoffer1" time="127.774" classname="com.fitsyn.qa.multipletestcases.LenderOfferLimitRailOne"/>
  <testcase name="systemSettingLimitOffer2" time="17.876" classname="com.fitsyn.qa.multipletestcases.LenderOfferLimitRailOne"/>
  <testcase name="CreateApplicationLimitOffer2" time="113.199" classname="com.fitsyn.qa.multipletestcases.LenderOfferLimitRailOne"/>
  <testcase name="systemSettingLimitOffer1" time="17.902" classname="com.fitsyn.qa.multipletestcases.LenderOfferLimitRailTwo"/>
  <testcase name="subaccountSettingRailTwo" time="30.12" classname="com.fitsyn.qa.multipletestcases.LenderOfferLimitRailTwo"/>
  <testcase name="createApplicationRailTwoLimitoffer1" time="71.926" classname="com.fitsyn.qa.multipletestcases.LenderOfferLimitRailTwo">
    <failure type="org.openqa.selenium.ElementNotInteractableException" message="element not interactable: [object HTMLButtonElement] has no size and location
  (Session info: chrome=96.0.4664.45)
Build info: version: &amp;apos;4.0.0-beta-2&amp;apos;, revision: &amp;apos;4ec0cfc112&amp;apos;
System info: host: &amp;apos;LAPTOP-IFLMPRQ2&amp;apos;, ip: &amp;apos;192.168.43.251&amp;apos;, os.name: &amp;apos;Windows 10&amp;apos;, os.arch: &amp;apos;amd64&amp;apos;, os.version: &amp;apos;10.0&amp;apos;, java.version: &amp;apos;1.8.0_291&amp;apos;
Driver info: org.openqa.selenium.chrome.ChromeDriver
Command: [c5c2c033d5b437499f9482befcbdd827, actions {actions=[org.openqa.selenium.interactions.Sequence@65b1693c]}]
Capabilities {acceptInsecureCerts: false, browserName: chrome, browserVersion: 96.0.4664.45, chrome: {chromedriverVersion: 95.0.4638.17 (a9d0719444d4b..., userDataDir: C:\Users\HEMASA~1\AppData\L...}, goog:chromeOptions: {debuggerAddress: localhost:52759}, javascriptEnabled: true, networkConnectionEnabled: false, pageLoadStrategy: normal, platform: WINDOWS, platformName: WINDOWS, proxy: Proxy(), setWindowRect: true, strictFileInteractability: false, timeouts: {implicit: 0, pageLoad: 300000, script: 30000}, unhandledPromptBehavior: dismiss and notify, webauthn:extension:credBlob: true, webauthn:extension:largeBlob: true, webauthn:virtualAuthenticators: true}
Session ID: c5c2c033d5b437499f9482befcbdd827">
      <![CDATA[org.openqa.selenium.ElementNotInteractableException: element not interactable: [object HTMLButtonElement] has no size and location
  (Session info: chrome=96.0.4664.45)
Build info: version: '4.0.0-beta-2', revision: '4ec0cfc112'
System info: host: 'LAPTOP-IFLMPRQ2', ip: '192.168.43.251', os.name: 'Windows 10', os.arch: 'amd64', os.version: '10.0', java.version: '1.8.0_291'
Driver info: org.openqa.selenium.chrome.ChromeDriver
Command: [c5c2c033d5b437499f9482befcbdd827, actions {actions=[org.openqa.selenium.interactions.Sequence@65b1693c]}]
Capabilities {acceptInsecureCerts: false, browserName: chrome, browserVersion: 96.0.4664.45, chrome: {chromedriverVersion: 95.0.4638.17 (a9d0719444d4b..., userDataDir: C:\Users\HEMASA~1\AppData\L...}, goog:chromeOptions: {debuggerAddress: localhost:52759}, javascriptEnabled: true, networkConnectionEnabled: false, pageLoadStrategy: normal, platform: WINDOWS, platformName: WINDOWS, proxy: Proxy(), setWindowRect: true, strictFileInteractability: false, timeouts: {implicit: 0, pageLoad: 300000, script: 30000}, unhandledPromptBehavior: dismiss and notify, webauthn:extension:credBlob: true, webauthn:extension:largeBlob: true, webauthn:virtualAuthenticators: true}
Session ID: c5c2c033d5b437499f9482befcbdd827
at org.openqa.selenium.remote.codec.w3c.W3CHttpResponseCodec.createException(W3CHttpResponseCodec.java:195)
at org.openqa.selenium.remote.codec.w3c.W3CHttpResponseCodec.decode(W3CHttpResponseCodec.java:128)
at org.openqa.selenium.remote.codec.w3c.W3CHttpResponseCodec.decode(W3CHttpResponseCodec.java:52)
at org.openqa.selenium.remote.HttpCommandExecutor.execute(HttpCommandExecutor.java:187)
at org.openqa.selenium.remote.service.DriverCommandExecutor.invokeExecute(DriverCommandExecutor.java:153)
at org.openqa.selenium.remote.service.DriverCommandExecutor.execute(DriverCommandExecutor.java:128)
at org.openqa.selenium.remote.RemoteWebDriver.execute(RemoteWebDriver.java:620)
at org.openqa.selenium.remote.RemoteWebDriver.perform(RemoteWebDriver.java:688)
at org.openqa.selenium.interactions.Actions$BuiltAction.perform(Actions.java:617)
at com.fitsyn.qa.multipletestcases.LenderOfferLimitRailTwo.createApplicationRailTwoLimitoffer1(LenderOfferLimitRailTwo.java:391)
at java.util.ArrayList.forEach(ArrayList.java:1259)
... Removed 31 stack frames]]>
    </failure>
  </testcase> <!-- createApplicationRailTwoLimitoffer1 -->
  <testcase name="systemSettingLimitOffer2" time="22.175" classname="com.fitsyn.qa.multipletestcases.LenderOfferLimitRailTwo"/>
  <testcase name="createApplicationRailTwoLimitoffer2" time="118.634" classname="com.fitsyn.qa.multipletestcases.LenderOfferLimitRailTwo"/>
  <testcase name="createApplicationRailTwoCreditReport" time="220.053" classname="com.fitsyn.qa.multipletestcases.CreditCardReportJointApplication"/>
  <testcase name="appHistory" time="26.705" classname="com.fitsyn.qa.multipletestcases.CreditCardReportJointApplication"/>
</testsuite> <!-- Test1 -->
